/*C6*/SET SCHEMA PUBLIC
CONNECT USER SA
/*C7*/SET SCHEMA PUBLIC
CONNECT USER SA
/*C8*/SET SCHEMA PUBLIC
CONNECT USER SA
SET AUTOCOMMIT FALSE
/*C9*/SET SCHEMA PUBLIC
CONNECT USER SA
/*C10*/SET SCHEMA PUBLIC
CONNECT USER SA
/*C8*/SET AUTOCOMMIT TRUE
SET AUTOCOMMIT FALSE
SET AUTOCOMMIT TRUE
SET AUTOCOMMIT FALSE
SET AUTOCOMMIT TRUE
SET AUTOCOMMIT FALSE
INSERT INTO CADENAHOTELERA VALUES(109,'cadena-107')
INSERT INTO TIPOHABITACION VALUES(76,'nombre7')
INSERT INTO CADENAHOTELERA_TIPOHABITACION VALUES(109,76)
COMMIT
SET AUTOCOMMIT TRUE
SET AUTOCOMMIT FALSE
INSERT INTO CADENAHOTELERA VALUES(110,'cadena-108')
COMMIT
SET AUTOCOMMIT TRUE
SET AUTOCOMMIT FALSE
INSERT INTO CADENAHOTELERA VALUES(111,'cadena-109')
INSERT INTO TIPOHABITACION VALUES(77,'nombre18')
INSERT INTO CADENAHOTELERA_TIPOHABITACION VALUES(111,77)
COMMIT
SET AUTOCOMMIT TRUE
SET AUTOCOMMIT FALSE
INSERT INTO CADENAHOTELERA VALUES(112,'cadena-110')
INSERT INTO TIPOHABITACION VALUES(78,'nombre28')
INSERT INTO CADENAHOTELERA_TIPOHABITACION VALUES(112,78)
COMMIT
SET AUTOCOMMIT TRUE
SET AUTOCOMMIT FALSE
INSERT INTO CADENAHOTELERA VALUES(113,'cadena-111')
COMMIT
SET AUTOCOMMIT TRUE
SET AUTOCOMMIT FALSE
INSERT INTO CADENAHOTELERA VALUES(114,'cadena-112')
INSERT INTO TIPOHABITACION VALUES(79,'nombre38')
INSERT INTO TIPOHABITACION VALUES(80,'nombre44')
INSERT INTO CADENAHOTELERA_TIPOHABITACION VALUES(114,79)
INSERT INTO CADENAHOTELERA_TIPOHABITACION VALUES(114,80)
COMMIT
SET AUTOCOMMIT TRUE
SET AUTOCOMMIT FALSE
INSERT INTO CADENAHOTELERA VALUES(115,'cadena-113')
INSERT INTO TIPOHABITACION VALUES(81,'nombre56')
INSERT INTO CADENAHOTELERA_TIPOHABITACION VALUES(115,81)
COMMIT
SET AUTOCOMMIT TRUE
SET AUTOCOMMIT FALSE
INSERT INTO CADENAHOTELERA VALUES(116,'cadena-114')
INSERT INTO HOTEL VALUES(80,'nombre69','pais69')
INSERT INTO TIPOHABITACION VALUES(82,'nombre82')
INSERT INTO HABITACION VALUES(76,'nombre100',NULL,NULL,82)
INSERT INTO TIPOHABITACION VALUES(83,'nombre77')
INSERT INTO HABITACION VALUES(77,'nombre91',NULL,NULL,83)
INSERT INTO CADENAHOTELERA_HOTEL VALUES(116,80)
INSERT INTO CADENAHOTELERA_TIPOHABITACION VALUES(116,83)
INSERT INTO CADENAHOTELERA_TIPOHABITACION VALUES(116,82)
INSERT INTO HOTEL_HABITACION VALUES(80,76)
INSERT INTO HOTEL_HABITACION VALUES(80,77)
COMMIT
SET AUTOCOMMIT TRUE
SET AUTOCOMMIT FALSE
INSERT INTO CADENAHOTELERA VALUES(117,'cadena-115')
INSERT INTO HOTEL VALUES(81,'nombre110','pais110')
INSERT INTO TIPOHABITACION VALUES(84,'nombre120')
INSERT INTO HABITACION VALUES(78,'nombre124',NULL,NULL,84)
INSERT INTO CADENAHOTELERA_HOTEL VALUES(117,81)
INSERT INTO CADENAHOTELERA_TIPOHABITACION VALUES(117,84)
INSERT INTO HOTEL_HABITACION VALUES(81,78)
COMMIT
SET AUTOCOMMIT TRUE
SET AUTOCOMMIT FALSE
INSERT INTO CADENAHOTELERA VALUES(118,'cadena-116')
INSERT INTO HOTEL VALUES(82,'nombre141','pais141')
INSERT INTO TIPOHABITACION VALUES(85,'nombre148')
INSERT INTO HABITACION VALUES(79,'nombre160',NULL,NULL,85)
INSERT INTO HOTEL VALUES(83,'nombre131','pais131')
INSERT INTO HABITACION VALUES(80,'nombre153',NULL,NULL,85)
INSERT INTO CADENAHOTELERA_HOTEL VALUES(118,82)
INSERT INTO CADENAHOTELERA_HOTEL VALUES(118,83)
INSERT INTO CADENAHOTELERA_TIPOHABITACION VALUES(118,85)
INSERT INTO HOTEL_HABITACION VALUES(82,79)
INSERT INTO HOTEL_HABITACION VALUES(83,80)
COMMIT
SET AUTOCOMMIT TRUE
SET AUTOCOMMIT FALSE
INSERT INTO CADENAHOTELERA VALUES(119,'cadena-117')
INSERT INTO HOTEL VALUES(84,'nombre169','pais169')
INSERT INTO CADENAHOTELERA_HOTEL VALUES(119,84)
COMMIT
SET AUTOCOMMIT TRUE
SET AUTOCOMMIT FALSE
INSERT INTO CADENAHOTELERA VALUES(120,'cadena-118')
INSERT INTO HOTEL VALUES(85,'nombre171','pais171')
INSERT INTO TIPOHABITACION VALUES(86,'nombre173')
INSERT INTO HABITACION VALUES(81,'nombre184',NULL,NULL,86)
INSERT INTO CADENAHOTELERA_HOTEL VALUES(120,85)
INSERT INTO CADENAHOTELERA_TIPOHABITACION VALUES(120,86)
INSERT INTO HOTEL_HABITACION VALUES(85,81)
COMMIT
SET AUTOCOMMIT TRUE
SET AUTOCOMMIT FALSE
INSERT INTO CADENAHOTELERA VALUES(121,'cadena-119')
INSERT INTO HOTEL VALUES(86,'nombre195','pais195')
INSERT INTO TIPOHABITACION VALUES(87,'nombre211')
INSERT INTO HABITACION VALUES(82,'nombre215',NULL,NULL,87)
INSERT INTO HOTEL VALUES(87,'nombre187','pais187')
INSERT INTO TIPOHABITACION VALUES(88,'nombre200')
INSERT INTO HABITACION VALUES(83,'nombre215',NULL,NULL,88)
INSERT INTO CADENAHOTELERA_HOTEL VALUES(121,86)
INSERT INTO CADENAHOTELERA_HOTEL VALUES(121,87)
INSERT INTO CADENAHOTELERA_TIPOHABITACION VALUES(121,88)
INSERT INTO CADENAHOTELERA_TIPOHABITACION VALUES(121,87)
INSERT INTO HOTEL_HABITACION VALUES(86,82)
INSERT INTO HOTEL_HABITACION VALUES(87,83)
COMMIT
SET AUTOCOMMIT TRUE
SET AUTOCOMMIT FALSE
INSERT INTO CADENAHOTELERA VALUES(122,'cadena-120')
INSERT INTO HOTEL VALUES(88,'nombre223','pais223')
INSERT INTO TIPOHABITACION VALUES(89,'nombre235')
INSERT INTO HABITACION VALUES(84,'nombre239',NULL,NULL,89)
INSERT INTO HOTEL VALUES(89,'nombre226','pais226')
INSERT INTO HABITACION VALUES(85,'nombre239',NULL,NULL,89)
INSERT INTO CADENAHOTELERA_HOTEL VALUES(122,88)
INSERT INTO CADENAHOTELERA_HOTEL VALUES(122,89)
INSERT INTO CADENAHOTELERA_TIPOHABITACION VALUES(122,89)
INSERT INTO HOTEL_HABITACION VALUES(88,84)
INSERT INTO HOTEL_HABITACION VALUES(89,85)
COMMIT
SET AUTOCOMMIT TRUE
SET AUTOCOMMIT FALSE
INSERT INTO CADENAHOTELERA VALUES(123,'cadena-121')
COMMIT
SET AUTOCOMMIT TRUE
SET AUTOCOMMIT FALSE
INSERT INTO CADENAHOTELERA VALUES(124,'cadena-122')
INSERT INTO HOTEL VALUES(90,'nombre261','pais261')
INSERT INTO TIPOHABITACION VALUES(90,'nombre268')
INSERT INTO HABITACION VALUES(86,'nombre274',NULL,NULL,90)
INSERT INTO HOTEL VALUES(91,'nombre256','pais256')
INSERT INTO TIPOHABITACION VALUES(91,'nombre265')
INSERT INTO HABITACION VALUES(87,'nombre273',NULL,NULL,91)
INSERT INTO CADENAHOTELERA_HOTEL VALUES(124,90)
INSERT INTO CADENAHOTELERA_HOTEL VALUES(124,91)
INSERT INTO CADENAHOTELERA_TIPOHABITACION VALUES(124,91)
INSERT INTO CADENAHOTELERA_TIPOHABITACION VALUES(124,90)
INSERT INTO HOTEL_HABITACION VALUES(90,86)
INSERT INTO HOTEL_HABITACION VALUES(91,87)
COMMIT
SET AUTOCOMMIT TRUE
SET AUTOCOMMIT FALSE
INSERT INTO CADENAHOTELERA VALUES(125,'cadena-123')
INSERT INTO HOTEL VALUES(92,'nombre277','pais277')
INSERT INTO TIPOHABITACION VALUES(92,'nombre288')
INSERT INTO HABITACION VALUES(88,'nombre292',NULL,NULL,92)
INSERT INTO HABITACION VALUES(89,'nombre301',NULL,NULL,92)
INSERT INTO CADENAHOTELERA_HOTEL VALUES(125,92)
INSERT INTO CADENAHOTELERA_TIPOHABITACION VALUES(125,92)
INSERT INTO HOTEL_HABITACION VALUES(92,88)
INSERT INTO HOTEL_HABITACION VALUES(92,89)
COMMIT
SET AUTOCOMMIT TRUE
SET AUTOCOMMIT FALSE
INSERT INTO CADENAHOTELERA VALUES(126,'cadena-124')
INSERT INTO HOTEL VALUES(93,'nombre302','pais302')
INSERT INTO TIPOHABITACION VALUES(93,'nombre313')
INSERT INTO HABITACION VALUES(90,'nombre325',NULL,NULL,93)
INSERT INTO TIPOHABITACION VALUES(94,'nombre319')
INSERT INTO CADENAHOTELERA_HOTEL VALUES(126,93)
INSERT INTO CADENAHOTELERA_TIPOHABITACION VALUES(126,94)
INSERT INTO CADENAHOTELERA_TIPOHABITACION VALUES(126,93)
INSERT INTO HOTEL_HABITACION VALUES(93,90)
COMMIT
SET AUTOCOMMIT TRUE
SET AUTOCOMMIT FALSE
INSERT INTO CADENAHOTELERA VALUES(127,'cadena-125')
INSERT INTO HOTEL VALUES(94,'nombre330','pais330')
INSERT INTO CADENAHOTELERA_HOTEL VALUES(127,94)
COMMIT
SET AUTOCOMMIT TRUE
SET AUTOCOMMIT FALSE
INSERT INTO CADENAHOTELERA VALUES(128,'cadena-126')
INSERT INTO HOTEL VALUES(95,'nombre339','pais339')
INSERT INTO CADENAHOTELERA_HOTEL VALUES(128,95)
COMMIT
SET AUTOCOMMIT TRUE
SET AUTOCOMMIT FALSE
INSERT INTO CADENAHOTELERA VALUES(129,'cadena-127')
INSERT INTO CLIENTE VALUES(31,'direccion342','mail342','Fulanito','rut342','telefono342')
INSERT INTO HOTEL VALUES(96,'nombre345','pais345')
INSERT INTO TIPOHABITACION VALUES(95,'nombre356')
INSERT INTO HABITACION VALUES(91,'nombre358',NULL,NULL,95)
INSERT INTO RESERVA VALUES(19,3451,0,'2023-01-01 00:40:52.939000000','2022-12-29 00:40:52.939000000',TRUE,31,NULL,96,95)
INSERT INTO CADENAHOTELERA_CLIENTE VALUES(129,31)
INSERT INTO CADENAHOTELERA_HOTEL VALUES(129,96)
INSERT INTO CADENAHOTELERA_TIPOHABITACION VALUES(129,95)
INSERT INTO HOTEL_HABITACION VALUES(96,91)
INSERT INTO HOTEL_RESERVA VALUES(96,19)
COMMIT
SET AUTOCOMMIT TRUE
SET AUTOCOMMIT FALSE
INSERT INTO CADENAHOTELERA VALUES(130,'cadena-128')
INSERT INTO CLIENTE VALUES(32,'direccion360','mail360','Fulanito','rut360','telefono360')
INSERT INTO HOTEL VALUES(97,'nombre370','pais370')
INSERT INTO TIPOHABITACION VALUES(96,'nombre387')
INSERT INTO HABITACION VALUES(92,'nombre399',NULL,NULL,96)
INSERT INTO TIPOHABITACION VALUES(97,'nombre394')
INSERT INTO HABITACION VALUES(93,'nombre410',NULL,NULL,97)
INSERT INTO HABITACION VALUES(94,'nombre404',NULL,NULL,97)
INSERT INTO RESERVA VALUES(20,3701,0,'2023-02-14 00:40:52.944000000','2023-01-15 00:40:52.944000000',TRUE,32,NULL,97,96)
INSERT INTO HOTEL VALUES(98,'nombre381','pais370')
INSERT INTO HABITACION VALUES(95,'nombre428',NULL,NULL,97)
INSERT INTO HABITACION VALUES(96,'nombre420',NULL,NULL,96)
INSERT INTO RESERVA VALUES(21,3811,0,'2023-02-19 00:40:52.944000000','2023-02-02 00:40:52.944000000',TRUE,32,NULL,98,96)
INSERT INTO HOTEL VALUES(99,'nombre376','pais376')
INSERT INTO HABITACION VALUES(97,'nombre411',NULL,NULL,96)
INSERT INTO CADENAHOTELERA_CLIENTE VALUES(130,32)
INSERT INTO CADENAHOTELERA_HOTEL VALUES(130,97)
INSERT INTO CADENAHOTELERA_HOTEL VALUES(130,98)
INSERT INTO CADENAHOTELERA_HOTEL VALUES(130,99)
INSERT INTO CADENAHOTELERA_TIPOHABITACION VALUES(130,97)
INSERT INTO CADENAHOTELERA_TIPOHABITACION VALUES(130,96)
INSERT INTO HOTEL_HABITACION VALUES(97,92)
INSERT INTO HOTEL_HABITACION VALUES(97,93)
INSERT INTO HOTEL_HABITACION VALUES(97,94)
INSERT INTO HOTEL_RESERVA VALUES(97,20)
INSERT INTO HOTEL_HABITACION VALUES(98,95)
INSERT INTO HOTEL_HABITACION VALUES(98,96)
INSERT INTO HOTEL_RESERVA VALUES(98,21)
INSERT INTO HOTEL_HABITACION VALUES(99,97)
COMMIT
SET AUTOCOMMIT TRUE
SET AUTOCOMMIT FALSE
INSERT INTO CADENAHOTELERA VALUES(131,'cadena-129')
INSERT INTO CLIENTE VALUES(33,'direccion434','mail434','Fulanito','rut434','telefono434')
INSERT INTO HOTEL VALUES(100,'nombre442','pais442')
INSERT INTO TIPOHABITACION VALUES(98,'nombre443')
INSERT INTO HABITACION VALUES(98,'nombre444',NULL,NULL,98)
INSERT INTO RESERVA VALUES(22,4421,0,'2023-01-21 00:40:52.952000000','2022-12-31 00:40:52.952000000',TRUE,33,NULL,100,98)
INSERT INTO CADENAHOTELERA_CLIENTE VALUES(131,33)
INSERT INTO CADENAHOTELERA_HOTEL VALUES(131,100)
INSERT INTO CADENAHOTELERA_TIPOHABITACION VALUES(131,98)
INSERT INTO HOTEL_HABITACION VALUES(100,98)
INSERT INTO HOTEL_RESERVA VALUES(100,22)
COMMIT
SET AUTOCOMMIT TRUE
SET AUTOCOMMIT FALSE
INSERT INTO CADENAHOTELERA VALUES(132,'cadena-130')
COMMIT
SET AUTOCOMMIT TRUE
SET AUTOCOMMIT FALSE
INSERT INTO CADENAHOTELERA VALUES(133,'cadena-131')
COMMIT
SET AUTOCOMMIT TRUE
SET AUTOCOMMIT FALSE
INSERT INTO CADENAHOTELERA VALUES(134,'cadena-132')
COMMIT
SET AUTOCOMMIT TRUE
SET AUTOCOMMIT FALSE
INSERT INTO CADENAHOTELERA VALUES(135,'cadena-133')
INSERT INTO CLIENTE VALUES(34,'direccion453','mail453','nombre453','rut453','telefono453')
INSERT INTO CADENAHOTELERA_CLIENTE VALUES(135,34)
COMMIT
SET AUTOCOMMIT TRUE
SET AUTOCOMMIT FALSE
INSERT INTO CADENAHOTELERA VALUES(136,'cadena-134')
INSERT INTO CLIENTE VALUES(35,'direccion462','mail462','nombre462','rut462','telefono462')
INSERT INTO CADENAHOTELERA_CLIENTE VALUES(136,35)
COMMIT
SET AUTOCOMMIT TRUE
SET AUTOCOMMIT FALSE
INSERT INTO CADENAHOTELERA VALUES(137,'cadena-135')
INSERT INTO CLIENTE VALUES(36,'direccion470','mail470','nombre470','rut470','telefono470')
INSERT INTO CLIENTE VALUES(37,'direccion465','mail465','nombre465','rut465','telefono465')
INSERT INTO CADENAHOTELERA_CLIENTE VALUES(137,36)
INSERT INTO CADENAHOTELERA_CLIENTE VALUES(137,37)
COMMIT
SET AUTOCOMMIT TRUE
SET AUTOCOMMIT FALSE
INSERT INTO CADENAHOTELERA VALUES(138,'cadena-136')
INSERT INTO CLIENTE VALUES(38,'direccion477','mail477','nombre477','rut477','telefono477')
INSERT INTO CADENAHOTELERA_CLIENTE VALUES(138,38)
COMMIT
SET AUTOCOMMIT TRUE
SET AUTOCOMMIT FALSE
INSERT INTO CADENAHOTELERA VALUES(139,'cadena-137')
INSERT INTO HOTEL VALUES(101,'nombre484','pais484')
INSERT INTO CADENAHOTELERA_HOTEL VALUES(139,101)
COMMIT
SET AUTOCOMMIT TRUE
SET AUTOCOMMIT FALSE
INSERT INTO CADENAHOTELERA VALUES(140,'cadena-138')
INSERT INTO HOTEL VALUES(102,'nombre487','pais487')
INSERT INTO CADENAHOTELERA_HOTEL VALUES(140,102)
COMMIT
SET AUTOCOMMIT TRUE
SET AUTOCOMMIT FALSE
INSERT INTO CADENAHOTELERA VALUES(141,'cadena-139')
COMMIT
SET AUTOCOMMIT TRUE
SET AUTOCOMMIT FALSE
INSERT INTO CADENAHOTELERA VALUES(142,'cadena-140')
INSERT INTO HOTEL VALUES(103,'nombre507','pais507')
INSERT INTO HOTEL VALUES(104,'nombre501','pais501')
INSERT INTO CADENAHOTELERA_HOTEL VALUES(142,103)
INSERT INTO CADENAHOTELERA_HOTEL VALUES(142,104)
COMMIT
SET AUTOCOMMIT TRUE
SET AUTOCOMMIT FALSE
INSERT INTO CADENAHOTELERA VALUES(143,'cadena-141')
COMMIT
SET AUTOCOMMIT TRUE
SET AUTOCOMMIT FALSE
INSERT INTO CADENAHOTELERA VALUES(144,'cadena-142')
INSERT INTO HOTEL VALUES(105,'nombre508','pais508')
INSERT INTO CADENAHOTELERA_HOTEL VALUES(144,105)
COMMIT
SET AUTOCOMMIT TRUE
SET AUTOCOMMIT FALSE
INSERT INTO CADENAHOTELERA VALUES(145,'cadena-143')
INSERT INTO CLIENTE VALUES(39,'direccion510','mail510','Fulanito','rut510','telefono510')
INSERT INTO HOTEL VALUES(106,'nombre517','pais517')
INSERT INTO TIPOHABITACION VALUES(99,'nombre527')
INSERT INTO RESERVA VALUES(23,5171,1,'2022-12-30 00:40:52.969000000','2022-12-24 00:40:52.969000000',TRUE,39,NULL,106,99)
INSERT INTO HUESPED VALUES(13,'documento539','nombre539')
INSERT INTO HUESPED VALUES(14,'documento535','nombre535')
INSERT INTO HABITACION VALUES(99,'nombre531',NULL,23,99)
DELETE FROM RESERVA WHERE ID=23
INSERT INTO RESERVA VALUES(23,5171,1,'2022-12-30 00:40:52.969000000','2022-12-24 00:40:52.969000000',TRUE,39,99,106,99)
INSERT INTO CADENAHOTELERA_CLIENTE VALUES(145,39)
INSERT INTO CADENAHOTELERA_HOTEL VALUES(145,106)
INSERT INTO CADENAHOTELERA_TIPOHABITACION VALUES(145,99)
INSERT INTO HOTEL_HABITACION VALUES(106,99)
INSERT INTO HOTEL_RESERVA VALUES(106,23)
INSERT INTO RESERVA_HUESPED VALUES(23,13)
INSERT INTO RESERVA_HUESPED VALUES(23,14)
COMMIT
SET AUTOCOMMIT TRUE
SET AUTOCOMMIT FALSE
INSERT INTO CADENAHOTELERA VALUES(146,'cadena-144')
INSERT INTO CLIENTE VALUES(40,'direccion545','mail545','Fulanito','rut545','telefono545')
INSERT INTO HOTEL VALUES(107,'nombre548','pais548')
INSERT INTO TIPOHABITACION VALUES(100,'nombre549')
INSERT INTO RESERVA VALUES(24,5481,1,'2022-12-27 00:40:52.974000000','2022-12-24 00:40:52.974000000',TRUE,40,NULL,107,100)
INSERT INTO HUESPED VALUES(15,'documento559','nombre559')
INSERT INTO HUESPED VALUES(16,'documento560','nombre560')
INSERT INTO HABITACION VALUES(100,'nombre552',NULL,24,100)
DELETE FROM RESERVA WHERE ID=24
INSERT INTO RESERVA VALUES(24,5481,1,'2022-12-27 00:40:52.974000000','2022-12-24 00:40:52.974000000',TRUE,40,100,107,100)
INSERT INTO CADENAHOTELERA_CLIENTE VALUES(146,40)
INSERT INTO CADENAHOTELERA_HOTEL VALUES(146,107)
INSERT INTO CADENAHOTELERA_TIPOHABITACION VALUES(146,100)
INSERT INTO HOTEL_HABITACION VALUES(107,100)
INSERT INTO HOTEL_RESERVA VALUES(107,24)
INSERT INTO RESERVA_HUESPED VALUES(24,15)
INSERT INTO RESERVA_HUESPED VALUES(24,16)
COMMIT
SET AUTOCOMMIT TRUE
SET AUTOCOMMIT FALSE
INSERT INTO CADENAHOTELERA VALUES(147,'cadena-145')
INSERT INTO CLIENTE VALUES(41,'direccion570','mail570','Fulanito','rut570','telefono570')
INSERT INTO HOTEL VALUES(108,'nombre581','pais581')
INSERT INTO TIPOHABITACION VALUES(101,'nombre585')
INSERT INTO RESERVA VALUES(25,5811,1,'2023-01-06 00:40:52.977000000','2022-12-24 00:40:52.977000000',TRUE,41,NULL,108,101)
INSERT INTO HUESPED VALUES(17,'documento601','nombre601')
INSERT INTO HUESPED VALUES(18,'documento598','nombre598')
INSERT INTO HABITACION VALUES(101,'nombre594',NULL,25,101)
DELETE FROM RESERVA WHERE ID=25
INSERT INTO RESERVA VALUES(25,5811,1,'2023-01-06 00:40:52.977000000','2022-12-24 00:40:52.977000000',TRUE,41,101,108,101)
